   7226	    312	    585	   8123	   1fbb	main.elf
   7236	    312	    585	   8133	   1fc5	main.elf
   7192	    312	    585	   8089	   1f99	main.elf
   7190	    312	    585	   8087	   1f97	main.elf
   7190	    312	    585	   8087	   1f97	main.elf
   7140	    312	    585	   8037	   1f65	main.elf
   7140	    312	    585	   8037	   1f65	main.elf
   7140	    312	    585	   8037	   1f65	main.elf
   7140	    312	    586	   8038	   1f66	main.elf
   7140	    312	    586	   8038	   1f66	main.elf
   7140	    312	    586	   8038	   1f66	main.elf
   7140	    312	    586	   8038	   1f66	main.elf
   7140	    312	    586	   8038	   1f66	main.elf
   7140	    312	    586	   8038	   1f66	main.elf
   7140	    312	    586	   8038	   1f66	main.elf
   7394	    338	    589	   8321	   2081	main.elf
   7394	    338	    589	   8321	   2081	main.elf
   7394	    338	    589	   8321	   2081	main.elf
   7394	    338	    589	   8321	   2081	main.elf
   7394	    338	    589	   8321	   2081	main.elf
   7378	    338	    589	   8305	   2071	main.elf
   7378	    338	    589	   8305	   2071	main.elf
   7406	    338	    589	   8333	   208d	main.elf
   7382	    338	    589	   8309	   2075	main.elf
   7400	    338	    589	   8327	   2087	main.elf
   7462	    338	    589	   8389	   20c5	main.elf
   7462	    338	    589	   8389	   20c5	main.elf
   7458	    338	    589	   8385	   20c1	main.elf
   7458	    338	    589	   8385	   20c1	main.elf
   7458	    338	    589	   8385	   20c1	main.elf
   7458	    338	    589	   8385	   20c1	main.elf
   7412	    338	    589	   8339	   2093	main.elf
   7458	    338	    589	   8385	   20c1	main.elf
   7458	    338	    589	   8385	   20c1	main.elf
   7536	    338	    589	   8463	   210f	main.elf
   7458	    338	    589	   8385	   20c1	main.elf
   7458	    336	    589	   8383	   20bf	main.elf
   7458	    336	    589	   8383	   20bf	main.elf
   7458	    336	    589	   8383	   20bf	main.elf
   7430	    328	    589	   8347	   209b	main.elf
   7368	    328	    589	   8285	   205d	main.elf
   7368	    328	    589	   8285	   205d	main.elf
   7368	    328	    589	   8285	   205d	main.elf
   7368	    328	    589	   8285	   205d	main.elf
   7368	    328	    589	   8285	   205d	main.elf
   7368	    328	    589	   8285	   205d	main.elf
   7368	    328	    589	   8285	   205d	main.elf
   7406	    328	    589	   8323	   2083	main.elf
   7648	    328	    591	   8567	   2177	main.elf
   7648	    328	    591	   8567	   2177	main.elf
   7648	    328	    591	   8567	   2177	main.elf
   7668	    328	    591	   8587	   218b	main.elf
   7672	    328	    593	   8593	   2191	main.elf
   7672	    328	    593	   8593	   2191	main.elf
   7672	    328	    593	   8593	   2191	main.elf
   7672	    328	    593	   8593	   2191	main.elf
   7642	    328	    593	   8563	   2173	main.elf
   7672	    328	    593	   8593	   2191	main.elf
   7672	    328	    593	   8593	   2191	main.elf
   7680	    328	    593	   8601	   2199	main.elf
   7714	    328	    593	   8635	   21bb	main.elf
   7704	    328	    593	   8625	   21b1	main.elf
   7584	    324	    593	   8501	   2135	main.elf
   7584	    324	    593	   8501	   2135	main.elf
   7528	    324	    593	   8445	   20fd	main.elf
   7528	    324	    593	   8445	   20fd	main.elf
   7590	    324	    593	   8507	   213b	main.elf
   7556	    324	    593	   8473	   2119	main.elf
   7576	    324	    593	   8493	   212d	main.elf
   7610	    324	    593	   8527	   214f	main.elf
   7610	    324	    593	   8527	   214f	main.elf
   7610	    324	    593	   8527	   214f	main.elf
   7652	    324	    593	   8569	   2179	main.elf
   7652	    324	    593	   8569	   2179	main.elf
   7652	    324	    593	   8569	   2179	main.elf
   7652	    324	    593	   8569	   2179	main.elf
   7644	    324	    593	   8561	   2171	main.elf
   7656	    324	    593	   8573	   217d	main.elf
   7694	    324	    593	   8611	   21a3	main.elf
   7690	    324	    593	   8607	   219f	main.elf
   7728	    324	    594	   8646	   21c6	main.elf
   7740	    324	    594	   8658	   21d2	main.elf
   7772	    324	    594	   8690	   21f2	main.elf
   7764	    324	    594	   8682	   21ea	main.elf
   7748	    324	    594	   8666	   21da	main.elf
   7748	    324	    594	   8666	   21da	main.elf
   7748	    326	    593	   8667	   21db	main.elf
   7748	    324	    594	   8666	   21da	main.elf
   7748	    326	    593	   8667	   21db	main.elf
   7790	    344	    593	   8727	   2217	main.elf
   7790	    342	    593	   8725	   2215	main.elf
   7790	    342	    593	   8725	   2215	main.elf
   7944	    360	    594	   8898	   22c2	main.elf
   7944	    360	    594	   8898	   22c2	main.elf
   8042	    360	    595	   8997	   2325	main.elf
   8006	    360	    595	   8961	   2301	main.elf
   8006	    360	    595	   8961	   2301	main.elf
   8014	    360	    595	   8969	   2309	main.elf
   8004	    360	    595	   8959	   22ff	main.elf
   8014	    360	    595	   8969	   2309	main.elf
   8014	    360	    595	   8969	   2309	main.elf
   8014	    360	    595	   8969	   2309	main.elf
   8018	    364	    594	   8976	   2310	main.elf
   8296	    364	    597	   9257	   2429	main.elf
   8296	    364	    597	   9257	   2429	main.elf
   8296	    364	    597	   9257	   2429	main.elf
   8334	    364	    597	   9295	   244f	main.elf
   8334	    364	    597	   9295	   244f	main.elf
   8334	    364	    597	   9295	   244f	main.elf
   8334	    364	    597	   9295	   244f	main.elf
   8334	    364	    597	   9295	   244f	main.elf
   8320	    364	    597	   9281	   2441	main.elf
   8366	    364	    597	   9327	   246f	main.elf
   8346	    364	    597	   9307	   245b	main.elf
   8366	    364	    597	   9327	   246f	main.elf
   8366	    364	    597	   9327	   246f	main.elf
   8398	    364	    597	   9359	   248f	main.elf
   8398	    364	    597	   9359	   248f	main.elf
   8398	    364	    597	   9359	   248f	main.elf
   8398	    364	    597	   9359	   248f	main.elf
   8398	    364	    597	   9359	   248f	main.elf
   8398	    364	    597	   9359	   248f	main.elf
   8398	    364	    597	   9359	   248f	main.elf
   8468	    382	    598	   9448	   24e8	main.elf
   8468	    382	    598	   9448	   24e8	main.elf
   8468	    382	    598	   9448	   24e8	main.elf
   8468	    382	    598	   9448	   24e8	main.elf
   8476	    382	    598	   9456	   24f0	main.elf
   8476	    382	    598	   9456	   24f0	main.elf
   8476	    382	    598	   9456	   24f0	main.elf
   8476	    382	    598	   9456	   24f0	main.elf
   8476	    404	    598	   9478	   2506	main.elf
   8476	    404	    598	   9478	   2506	main.elf
   8476	    404	    598	   9478	   2506	main.elf
   8476	    410	    598	   9484	   250c	main.elf
   8476	    410	    598	   9484	   250c	main.elf
   8494	    414	    598	   9506	   2522	main.elf
   7606	    366	    593	   8565	   2175	main.elf
   7606	    366	    593	   8565	   2175	main.elf
   7606	    366	    593	   8565	   2175	main.elf
   7574	    366	    593	   8533	   2155	main.elf
   7574	    366	    593	   8533	   2155	main.elf
   7574	    372	    593	   8539	   215b	main.elf
   7568	    376	    593	   8537	   2159	main.elf
   7574	    372	    593	   8539	   215b	main.elf
   7562	    372	    593	   8527	   214f	main.elf
   7562	    372	    593	   8527	   214f	main.elf
   8444	    418	    598	   9460	   24f4	main.elf
   8444	    418	    598	   9460	   24f4	main.elf
   8452	    418	    598	   9468	   24fc	main.elf
   8452	    418	    598	   9468	   24fc	main.elf
   8452	    418	    598	   9468	   24fc	main.elf
   8452	    418	    598	   9468	   24fc	main.elf
   8494	    418	    598	   9510	   2526	main.elf
   7282	    230	    593	   8105	   1fa9	main.elf
   7288	    230	    593	   8111	   1faf	main.elf
   7288	    230	    593	   8111	   1faf	main.elf
   8560	    410	    598	   9568	   2560	main.elf
   8594	    410	    598	   9602	   2582	main.elf
   8584	    410	    598	   9592	   2578	main.elf
   8584	    410	    598	   9592	   2578	main.elf
   8584	    410	    598	   9592	   2578	main.elf
   8584	    410	    598	   9592	   2578	main.elf
   8584	    410	    598	   9592	   2578	main.elf
   8584	    410	    598	   9592	   2578	main.elf
   8620	    410	    598	   9628	   259c	main.elf
   8624	    410	    598	   9632	   25a0	main.elf
   8698	    412	    598	   9708	   25ec	main.elf
   8716	    412	    598	   9726	   25fe	main.elf
   8716	    412	    598	   9726	   25fe	main.elf
   8716	    412	    598	   9726	   25fe	main.elf
   8642	    412	    598	   9652	   25b4	main.elf
   8700	    412	    598	   9710	   25ee	main.elf
   8724	    412	    598	   9734	   2606	main.elf
   8798	    412	    598	   9808	   2650	main.elf
   8798	    412	    598	   9808	   2650	main.elf
   8860	    412	    598	   9870	   268e	main.elf
   8932	    412	    598	   9942	   26d6	main.elf
   8974	    412	    598	   9984	   2700	main.elf
   8950	    428	    598	   9976	   26f8	main.elf
   8948	    428	    598	   9974	   26f6	main.elf
   8948	    448	    598	   9994	   270a	main.elf
   9038	    458	    598	  10094	   276e	main.elf
   9060	    474	    598	  10132	   2794	main.elf
   9082	    474	    598	  10154	   27aa	main.elf
   9082	    472	    598	  10152	   27a8	main.elf
   9144	    472	    599	  10215	   27e7	main.elf
   9162	    472	    600	  10234	   27fa	main.elf
   9178	    472	    600	  10250	   280a	main.elf
   9172	    472	    600	  10244	   2804	main.elf
   9172	    472	    600	  10244	   2804	main.elf
   9172	    472	    600	  10244	   2804	main.elf
   9118	    472	    600	  10190	   27ce	main.elf
   9110	    472	    599	  10181	   27c5	main.elf
   9140	    472	    599	  10211	   27e3	main.elf
   9140	    472	    599	  10211	   27e3	main.elf
   9146	    472	    599	  10217	   27e9	main.elf
   9146	    472	    599	  10217	   27e9	main.elf
   9122	    472	    599	  10193	   27d1	main.elf
   9108	    472	    599	  10179	   27c3	main.elf
   9116	    472	    599	  10187	   27cb	main.elf
   9132	    472	    599	  10203	   27db	main.elf
   9132	    472	    599	  10203	   27db	main.elf
   9132	    472	    599	  10203	   27db	main.elf
   9118	    472	    599	  10189	   27cd	main.elf
   9114	    472	    599	  10185	   27c9	main.elf
   9096	    472	    599	  10167	   27b7	main.elf
   9082	    472	    599	  10153	   27a9	main.elf
   9082	    472	    599	  10153	   27a9	main.elf
   9104	    472	    599	  10175	   27bf	main.elf
   9104	    472	    599	  10175	   27bf	main.elf
   9104	    472	    599	  10175	   27bf	main.elf
   9064	    472	    599	  10135	   2797	main.elf
   9064	    472	    599	  10135	   2797	main.elf
   9100	    472	    599	  10171	   27bb	main.elf
   9146	    472	    599	  10217	   27e9	main.elf
   9134	    472	    599	  10205	   27dd	main.elf
   9134	    472	    599	  10205	   27dd	main.elf
   9134	    484	    599	  10217	   27e9	main.elf
   9128	    484	    599	  10211	   27e3	main.elf
   9054	    484	    599	  10137	   2799	main.elf
   9136	    484	    599	  10219	   27eb	main.elf
   9134	    508	    599	  10241	   2801	main.elf
   9134	    508	    599	  10241	   2801	main.elf
   9346	    508	    600	  10454	   28d6	main.elf
   9346	    508	    600	  10454	   28d6	main.elf
   9346	    526	    600	  10472	   28e8	main.elf
   9366	    532	    600	  10498	   2902	main.elf
   9368	    522	    600	  10490	   28fa	main.elf
   9136	    576	    599	  10311	   2847	main.elf
   9136	    576	    599	  10311	   2847	main.elf
   9136	    572	    599	  10307	   2843	main.elf
   9200	    572	    599	  10371	   2883	main.elf
   9212	    572	    599	  10383	   288f	main.elf
   9212	    572	    599	  10383	   288f	main.elf
   9212	    564	    599	  10375	   2887	main.elf
   9202	    564	    599	  10365	   287d	main.elf
   9202	    564	    599	  10365	   287d	main.elf
   9202	    564	    599	  10365	   287d	main.elf
   9202	    564	    599	  10365	   287d	main.elf
   9202	    564	    599	  10365	   287d	main.elf
   9202	    564	    608	  10374	   2886	main.elf
   9202	    564	    606	  10372	   2884	main.elf
   9464	    564	    607	  10635	   298b	main.elf
   9464	    564	    607	  10635	   298b	main.elf
   9456	    564	    607	  10627	   2983	main.elf
   9444	    568	    607	  10619	   297b	main.elf
   9466	    564	    607	  10637	   298d	main.elf
   9462	    564	    607	  10633	   2989	main.elf
   9462	    564	    607	  10633	   2989	main.elf
   9460	    564	    607	  10631	   2987	main.elf
   9474	    590	    604	  10668	   29ac	main.elf
   9486	    586	    604	  10676	   29b4	main.elf
   9486	    586	    604	  10676	   29b4	main.elf
   9486	    586	    604	  10676	   29b4	main.elf
   9582	    586	    604	  10772	   2a14	main.elf
   9616	    586	    604	  10806	   2a36	main.elf
   9616	    586	    604	  10806	   2a36	main.elf
   9634	    586	    604	  10824	   2a48	main.elf
   9634	    586	    604	  10824	   2a48	main.elf
   9634	    586	    604	  10824	   2a48	main.elf
   9634	    590	    604	  10828	   2a4c	main.elf
   9606	    590	    603	  10799	   2a2f	main.elf
   9610	    590	    604	  10804	   2a34	main.elf
   9610	    590	    604	  10804	   2a34	main.elf
   9658	    590	    603	  10851	   2a63	main.elf
   9672	    590	    603	  10865	   2a71	main.elf
   9686	    590	    603	  10879	   2a7f	main.elf
   9686	    590	    603	  10879	   2a7f	main.elf
   9686	    590	    603	  10879	   2a7f	main.elf
   9672	    590	    603	  10865	   2a71	main.elf
   9672	    590	    603	  10865	   2a71	main.elf
   9594	    590	    603	  10787	   2a23	main.elf
   9600	    590	    603	  10793	   2a29	main.elf
   9638	    584	    603	  10825	   2a49	main.elf
   9790	    612	    603	  11005	   2afd	main.elf
   9790	    612	    603	  11005	   2afd	main.elf
   9790	    612	    603	  11005	   2afd	main.elf
   9790	    612	    603	  11005	   2afd	main.elf
   9796	    612	    603	  11011	   2b03	main.elf
   9796	    612	    603	  11011	   2b03	main.elf
   9796	    612	    603	  11011	   2b03	main.elf
   9796	    612	    603	  11011	   2b03	main.elf
   9796	    612	    603	  11011	   2b03	main.elf
   9796	    612	    603	  11011	   2b03	main.elf
   9796	    612	    603	  11011	   2b03	main.elf
   9796	    612	    603	  11011	   2b03	main.elf
   9796	    612	    603	  11011	   2b03	main.elf
   9796	    612	    603	  11011	   2b03	main.elf
   9786	    612	    603	  11001	   2af9	main.elf
   9796	    612	    603	  11011	   2b03	main.elf
   9796	    612	    603	  11011	   2b03	main.elf
   9840	    612	    603	  11055	   2b2f	main.elf
   9840	    612	    603	  11055	   2b2f	main.elf
   9800	    612	    603	  11015	   2b07	main.elf
   9800	    612	    603	  11015	   2b07	main.elf
   9834	    612	    603	  11049	   2b29	main.elf
   9834	    612	    603	  11049	   2b29	main.elf
   9834	    612	    603	  11049	   2b29	main.elf
   9834	    612	    603	  11049	   2b29	main.elf
   9834	    612	    603	  11049	   2b29	main.elf
   9834	    612	    603	  11049	   2b29	main.elf
   9834	    612	    603	  11049	   2b29	main.elf
   9834	    612	    603	  11049	   2b29	main.elf
   9888	    612	    603	  11103	   2b5f	main.elf
   9888	    612	    603	  11103	   2b5f	main.elf
   9888	    612	    603	  11103	   2b5f	main.elf
   9892	    612	    603	  11107	   2b63	main.elf
   9892	    612	    603	  11107	   2b63	main.elf
   9886	    612	    603	  11101	   2b5d	main.elf
   9886	    612	    603	  11101	   2b5d	main.elf
   9880	    612	    603	  11095	   2b57	main.elf
   9880	    612	    603	  11095	   2b57	main.elf
   9886	    612	    603	  11101	   2b5d	main.elf
   9886	    612	    603	  11101	   2b5d	main.elf
   9898	    612	    603	  11113	   2b69	main.elf
   9898	    612	    603	  11113	   2b69	main.elf
   9898	    612	    603	  11113	   2b69	main.elf
   9898	    612	    603	  11113	   2b69	main.elf
   9920	    612	    604	  11136	   2b80	main.elf
   9920	    612	    604	  11136	   2b80	main.elf
   9908	    612	    604	  11124	   2b74	main.elf
   9908	    612	    604	  11124	   2b74	main.elf
   9908	    612	    604	  11124	   2b74	main.elf
   9908	    612	    604	  11124	   2b74	main.elf
   9908	    612	    604	  11124	   2b74	main.elf
   9808	    612	    603	  11023	   2b0f	main.elf
   9808	    612	    603	  11023	   2b0f	main.elf
   9848	    612	    603	  11063	   2b37	main.elf
   9848	    612	    603	  11063	   2b37	main.elf
   9852	    612	    603	  11067	   2b3b	main.elf
   9808	    612	    603	  11023	   2b0f	main.elf
   9808	    612	    603	  11023	   2b0f	main.elf
   9808	    612	    603	  11023	   2b0f	main.elf
   9852	    612	    603	  11067	   2b3b	main.elf
   9808	    612	    603	  11023	   2b0f	main.elf
   9968	    612	    603	  11183	   2baf	main.elf
   9968	    612	    603	  11183	   2baf	main.elf
  10020	    612	    603	  11235	   2be3	main.elf
   9994	    612	    603	  11209	   2bc9	main.elf
   9994	    612	    603	  11209	   2bc9	main.elf
  10086	    612	    603	  11301	   2c25	main.elf
  10186	    612	    603	  11401	   2c89	main.elf
  10186	    612	    603	  11401	   2c89	main.elf
  10186	    612	    603	  11401	   2c89	main.elf
  10186	    612	    603	  11401	   2c89	main.elf
  10186	    594	    603	  11383	   2c77	main.elf
  10186	    594	    603	  11383	   2c77	main.elf
  10182	    612	    603	  11397	   2c85	main.elf
  10182	    612	    603	  11397	   2c85	main.elf
  10136	    612	    603	  11351	   2c57	main.elf
  10136	    612	    603	  11351	   2c57	main.elf
  10194	    612	    603	  11409	   2c91	main.elf
  10194	    612	    603	  11409	   2c91	main.elf
  10194	    612	    603	  11409	   2c91	main.elf
  10204	    612	    603	  11419	   2c9b	main.elf
   9998	    612	    603	  11213	   2bcd	main.elf
  10192	    612	    603	  11407	   2c8f	main.elf
  10192	    612	    603	  11407	   2c8f	main.elf
  10320	    684	    603	  11607	   2d57	main.elf
  10320	    684	    603	  11607	   2d57	main.elf
  10340	    684	    602	  11626	   2d6a	main.elf
  10340	    684	    602	  11626	   2d6a	main.elf
  10374	    676	    602	  11652	   2d84	main.elf
  10374	    676	    602	  11652	   2d84	main.elf
  10384	    676	    602	  11662	   2d8e	main.elf
  10328	    660	    602	  11590	   2d46	main.elf
  10328	    660	    602	  11590	   2d46	main.elf
  10328	    660	    602	  11590	   2d46	main.elf
  10332	    660	    602	  11594	   2d4a	main.elf
  10644	    694	    605	  11943	   2ea7	main.elf
  10670	    694	    605	  11969	   2ec1	main.elf
  10670	    694	    605	  11969	   2ec1	main.elf
  10736	    694	    605	  12035	   2f03	main.elf
  10736	    694	    605	  12035	   2f03	main.elf
  10802	    694	    605	  12101	   2f45	main.elf
  10902	    694	    605	  12201	   2fa9	main.elf
  10878	    718	    605	  12201	   2fa9	main.elf
  10878	    718	    605	  12201	   2fa9	main.elf
  10878	    718	    605	  12201	   2fa9	main.elf
  10878	    718	    605	  12201	   2fa9	main.elf
  10962	    714	    605	  12281	   2ff9	main.elf
  10962	    714	    605	  12281	   2ff9	main.elf
  10562	    714	    605	  11881	   2e69	main.elf
  10988	    714	    605	  12307	   3013	main.elf
  10562	    714	    605	  11881	   2e69	main.elf
  10562	    714	    605	  11881	   2e69	main.elf
  10956	    714	    605	  12275	   2ff3	main.elf
  10956	    714	    605	  12275	   2ff3	main.elf
  10928	    714	    605	  12247	   2fd7	main.elf
  10928	    714	    605	  12247	   2fd7	main.elf
  10912	    714	    605	  12231	   2fc7	main.elf
  10912	    714	    605	  12231	   2fc7	main.elf
  10928	    714	    605	  12247	   2fd7	main.elf
  10944	    714	    605	  12263	   2fe7	main.elf
  10944	    714	    605	  12263	   2fe7	main.elf
  10948	    714	    605	  12267	   2feb	main.elf
  10948	    714	    605	  12267	   2feb	main.elf
  10948	    714	    605	  12267	   2feb	main.elf
  10948	    714	    605	  12267	   2feb	main.elf
  10948	    714	    605	  12267	   2feb	main.elf
  10948	    714	    605	  12267	   2feb	main.elf
  10948	    744	    605	  12297	   3009	main.elf
  10948	    740	    605	  12293	   3005	main.elf
  10962	    734	    605	  12301	   300d	main.elf
  10962	    734	    605	  12301	   300d	main.elf
  10962	    734	    605	  12301	   300d	main.elf
  11462	    734	    605	  12801	   3201	main.elf
  11462	    734	    605	  12801	   3201	main.elf
  11462	    782	    605	  12849	   3231	main.elf
  11444	    782	    605	  12831	   321f	main.elf
  11430	    782	    605	  12817	   3211	main.elf
  11488	    782	    605	  12875	   324b	main.elf
  11444	    782	    605	  12831	   321f	main.elf
  11448	    782	    605	  12835	   3223	main.elf
  11444	    782	    605	  12831	   321f	main.elf
  11444	    782	    605	  12831	   321f	main.elf
  11466	    782	    605	  12853	   3235	main.elf
  11468	    782	    605	  12855	   3237	main.elf
  11434	    742	    605	  12781	   31ed	main.elf
  11434	    742	    605	  12781	   31ed	main.elf
  11436	    742	    605	  12783	   31ef	main.elf
  11474	    742	    605	  12821	   3215	main.elf
  11306	    742	    604	  12652	   316c	main.elf
  11322	    752	    604	  12678	   3186	main.elf
  11312	    768	    604	  12684	   318c	main.elf
  11312	    768	    604	  12684	   318c	main.elf
  11316	    768	    604	  12688	   3190	main.elf
  11316	    768	    604	  12688	   3190	main.elf
  11364	    768	    604	  12736	   31c0	main.elf
  11308	    768	    604	  12680	   3188	main.elf
  11340	    768	    604	  12712	   31a8	main.elf
  11340	    768	    604	  12712	   31a8	main.elf
  11326	    768	    604	  12698	   319a	main.elf
  11354	    768	    606	  12728	   31b8	main.elf
  11354	    768	    606	  12728	   31b8	main.elf
  11410	    768	    606	  12784	   31f0	main.elf
  11410	    768	    606	  12784	   31f0	main.elf
  11414	    768	    606	  12788	   31f4	main.elf
  11414	    768	    606	  12788	   31f4	main.elf
  11420	    768	    606	  12794	   31fa	main.elf
  11416	    768	    606	  12790	   31f6	main.elf
  11416	    768	    606	  12790	   31f6	main.elf
  11448	    768	    606	  12822	   3216	main.elf
  11476	    768	    606	  12850	   3232	main.elf
  11476	    768	    606	  12850	   3232	main.elf
  11476	    768	    606	  12850	   3232	main.elf
  11448	    768	    606	  12822	   3216	main.elf
  11624	    768	    606	  12998	   32c6	main.elf
  11584	    768	    606	  12958	   329e	main.elf
  11584	    768	    606	  12958	   329e	main.elf
  11614	    768	    606	  12988	   32bc	main.elf
  11614	    768	    606	  12988	   32bc	main.elf
  11660	    768	    606	  13034	   32ea	main.elf
  11660	    768	    606	  13034	   32ea	main.elf
  11652	    762	    606	  13020	   32dc	main.elf
  11652	    762	    606	  13020	   32dc	main.elf
  11684	    762	    606	  13052	   32fc	main.elf
  11684	    762	    606	  13052	   32fc	main.elf
  11684	    762	    606	  13052	   32fc	main.elf
  11696	    762	    606	  13064	   3308	main.elf
  11648	    762	    606	  13016	   32d8	main.elf
  11652	    762	    606	  13020	   32dc	main.elf
  11716	    762	    606	  13084	   331c	main.elf
  11716	    762	    606	  13084	   331c	main.elf
  11740	    762	    606	  13108	   3334	main.elf
  11788	    762	    606	  13156	   3364	main.elf
  11888	    758	    606	  13252	   33c4	main.elf
  11878	    758	    606	  13242	   33ba	main.elf
  11878	    758	    606	  13242	   33ba	main.elf
  11878	    758	    606	  13242	   33ba	main.elf
  11620	    758	    606	  12984	   32b8	main.elf
  11620	    758	    606	  12984	   32b8	main.elf
  11630	    758	    606	  12994	   32c2	main.elf
  11652	    758	    606	  13016	   32d8	main.elf
  11692	    758	    606	  13056	   3300	main.elf
  11692	    758	    606	  13056	   3300	main.elf
  11652	    758	    606	  13016	   32d8	main.elf
  11652	    758	    606	  13016	   32d8	main.elf
  11652	    758	    606	  13016	   32d8	main.elf
  11652	    758	    606	  13016	   32d8	main.elf
  11930	    758	    606	  13294	   33ee	main.elf
  11956	    758	    606	  13320	   3408	main.elf
  12032	    758	    606	  13396	   3454	main.elf
  12102	    758	    608	  13468	   349c	main.elf
  12102	    758	    608	  13468	   349c	main.elf
  12032	    758	    606	  13396	   3454	main.elf
  12140	    758	    608	  13506	   34c2	main.elf
  12140	    758	    608	  13506	   34c2	main.elf
  12140	    758	    608	  13506	   34c2	main.elf
  12032	    758	    606	  13396	   3454	main.elf
  12032	    758	    606	  13396	   3454	main.elf
  12032	    758	    606	  13396	   3454	main.elf
  12124	    758	    608	  13490	   34b2	main.elf
  12136	    758	    608	  13502	   34be	main.elf
  12140	    758	    608	  13506	   34c2	main.elf
  12070	    758	    608	  13436	   347c	main.elf
  12134	    758	    608	  13500	   34bc	main.elf
  12122	    758	    608	  13488	   34b0	main.elf
  12134	    758	    608	  13500	   34bc	main.elf
  12090	    758	    608	  13456	   3490	main.elf
  12140	    758	    608	  13506	   34c2	main.elf
  12136	    758	    608	  13502	   34be	main.elf
  12142	    758	    608	  13508	   34c4	main.elf
  12142	    758	    608	  13508	   34c4	main.elf
  12142	    758	    608	  13508	   34c4	main.elf
  12150	    764	    608	  13522	   34d2	main.elf
  12150	    764	    608	  13522	   34d2	main.elf
  12132	    764	    608	  13504	   34c0	main.elf
  12150	    764	    608	  13522	   34d2	main.elf
  12158	    776	    608	  13542	   34e6	main.elf
  12142	    758	    608	  13508	   34c4	main.elf
  12142	    758	    608	  13508	   34c4	main.elf
  12142	    758	    608	  13508	   34c4	main.elf
  12142	    758	    608	  13508	   34c4	main.elf
  12072	    758	    608	  13438	   347e	main.elf
  12088	    758	    608	  13454	   348e	main.elf
  12140	    758	    608	  13506	   34c2	main.elf
  12142	    758	    608	  13508	   34c4	main.elf
  12196	    758	    610	  13564	   34fc	main.elf
  12196	    758	    610	  13564	   34fc	main.elf
  12196	    758	    610	  13564	   34fc	main.elf
  12196	    758	    610	  13564	   34fc	main.elf
  12196	    758	    610	  13564	   34fc	main.elf
  12196	    758	    610	  13564	   34fc	main.elf
  12196	    758	    610	  13564	   34fc	main.elf
  12186	    758	    610	  13554	   34f2	main.elf
  12186	    758	    610	  13554	   34f2	main.elf
  12186	    758	    610	  13554	   34f2	main.elf
  12192	    758	    610	  13560	   34f8	main.elf
  12192	    758	    610	  13560	   34f8	main.elf
  12192	    758	    610	  13560	   34f8	main.elf
  12192	    758	    610	  13560	   34f8	main.elf
  11224	    758	    601	  12583	   3127	main.elf
  11224	    758	    601	  12583	   3127	main.elf
   8954	    754	    580	  10288	   2830	main.elf
   8954	    754	    580	  10288	   2830	main.elf
  12204	    758	    610	  13572	   3504	main.elf
  12204	    758	    610	  13572	   3504	main.elf
  12204	    758	    610	  13572	   3504	main.elf
  12204	    758	    610	  13572	   3504	main.elf
  12204	    758	    610	  13572	   3504	main.elf
  12204	    758	    610	  13572	   3504	main.elf
  12204	    758	    610	  13572	   3504	main.elf
  12204	    758	    610	  13572	   3504	main.elf
  12032	    758	    606	  13396	   3454	main.elf
  12032	    758	    606	  13396	   3454	main.elf
  12032	    758	    606	  13396	   3454	main.elf
  12032	    758	    606	  13396	   3454	main.elf
  11942	    758	    606	  13306	   33fa	main.elf
  11942	    758	    606	  13306	   33fa	main.elf
  11942	    758	    606	  13306	   33fa	main.elf
  11880	    758	    606	  13244	   33bc	main.elf
  11942	    758	    606	  13306	   33fa	main.elf
  11942	    752	    611	  13305	   33f9	main.elf
  11942	    758	    606	  13306	   33fa	main.elf
  11894	    762	    606	  13262	   33ce	main.elf
  11894	    762	    606	  13262	   33ce	main.elf
  11894	    762	    606	  13262	   33ce	main.elf
  11942	    758	    606	  13306	   33fa	main.elf
  11942	    698	    666	  13306	   33fa	main.elf
  12386	    722	    681	  13789	   35dd	main.elf
  12386	    722	    681	  13789	   35dd	main.elf
  12386	    722	    681	  13789	   35dd	main.elf
  12386	    722	    681	  13789	   35dd	main.elf
  12396	    722	    681	  13799	   35e7	main.elf
  12396	    722	    681	  13799	   35e7	main.elf
  12412	    722	    681	  13815	   35f7	main.elf
  12440	    722	    681	  13843	   3613	main.elf
  12540	    722	    681	  13943	   3677	main.elf
  12558	    722	    681	  13961	   3689	main.elf
  12558	    722	    681	  13961	   3689	main.elf
  12562	    722	    681	  13965	   368d	main.elf
  12570	    722	    681	  13973	   3695	main.elf
  12570	    722	    681	  13973	   3695	main.elf
  12570	    722	    681	  13973	   3695	main.elf
  12570	    722	    681	  13973	   3695	main.elf
  12570	    722	    681	  13973	   3695	main.elf
  12570	    722	    681	  13973	   3695	main.elf
  12570	    722	    681	  13973	   3695	main.elf
  12742	    722	    681	  14145	   3741	main.elf
  12758	    722	    681	  14161	   3751	main.elf
  12758	    722	    681	  14161	   3751	main.elf
  12758	    722	    681	  14161	   3751	main.elf
  12742	    736	    672	  14150	   3746	main.elf
  12892	    736	    673	  14301	   37dd	main.elf
  12940	    736	    673	  14349	   380d	main.elf
  12950	    736	    673	  14359	   3817	main.elf
  12950	    736	    673	  14359	   3817	main.elf
  12940	    736	    673	  14349	   380d	main.elf
  12884	    736	    673	  14293	   37d5	main.elf
  12884	    736	    673	  14293	   37d5	main.elf
  13046	    736	    673	  14455	   3877	main.elf
  13046	    736	    673	  14455	   3877	main.elf
  13062	    736	    673	  14471	   3887	main.elf
  13062	    736	    673	  14471	   3887	main.elf
  13100	    740	    673	  14513	   38b1	main.elf
  13100	    740	    673	  14513	   38b1	main.elf
  13108	    744	    673	  14525	   38bd	main.elf
  13158	    746	    673	  14577	   38f1	main.elf
  13158	    746	    673	  14577	   38f1	main.elf
  13158	    746	    673	  14577	   38f1	main.elf
  12980	    746	    673	  14399	   383f	main.elf
  12980	    746	    673	  14399	   383f	main.elf
  12980	    746	    673	  14399	   383f	main.elf
  13036	    746	    673	  14455	   3877	main.elf
  13112	    746	    673	  14531	   38c3	main.elf
  12938	    746	    673	  14357	   3815	main.elf
  12938	    746	    673	  14357	   3815	main.elf
  13112	    746	    673	  14531	   38c3	main.elf
  13112	    746	    673	  14531	   38c3	main.elf
  13184	    746	    673	  14603	   390b	main.elf
  13228	    758	    673	  14659	   3943	main.elf
  13228	    758	    673	  14659	   3943	main.elf
  13270	    770	    673	  14713	   3979	main.elf
  13270	    770	    673	  14713	   3979	main.elf
  13316	    770	    673	  14759	   39a7	main.elf
  13316	    770	    673	  14759	   39a7	main.elf
  13316	    770	    673	  14759	   39a7	main.elf
  13290	    770	    673	  14733	   398d	main.elf
  13258	    770	    673	  14701	   396d	main.elf
  13258	    770	    673	  14701	   396d	main.elf
  13084	    770	    673	  14527	   38bf	main.elf
  13258	    770	    673	  14701	   396d	main.elf
  13258	    770	    673	  14701	   396d	main.elf
  13084	    770	    673	  14527	   38bf	main.elf
  13018	    770	    673	  14461	   387d	main.elf
  13018	    770	    673	  14461	   387d	main.elf
  13046	    770	    673	  14489	   3899	main.elf
  13058	    770	    673	  14501	   38a5	main.elf
  13058	    770	    673	  14501	   38a5	main.elf
  13058	    770	    673	  14501	   38a5	main.elf
  13232	    770	    673	  14675	   3953	main.elf
  13310	    770	    673	  14753	   39a1	main.elf
  13310	    770	    673	  14753	   39a1	main.elf
  13512	    810	    673	  14995	   3a93	main.elf
  13512	    810	    673	  14995	   3a93	main.elf
  13512	    810	    673	  14995	   3a93	main.elf
  13512	    810	    673	  14995	   3a93	main.elf
  13512	    810	    673	  14995	   3a93	main.elf
  13696	    694	    673	  15063	   3ad7	main.elf
  13646	    662	    673	  14981	   3a85	main.elf
  13682	    626	    673	  14981	   3a85	main.elf
  13610	    626	    673	  14909	   3a3d	main.elf
  13610	    626	    673	  14909	   3a3d	main.elf
  13688	    636	    673	  14997	   3a95	main.elf
  13688	    636	    673	  14997	   3a95	main.elf
  13676	    636	    673	  14985	   3a89	main.elf
  13702	    616	    673	  14991	   3a8f	main.elf
  13702	    616	    673	  14991	   3a8f	main.elf
  13698	    616	    673	  14987	   3a8b	main.elf
  13718	    596	    673	  14987	   3a8b	main.elf
  13718	    596	    673	  14987	   3a8b	main.elf
  13718	    596	    673	  14987	   3a8b	main.elf
  13796	    596	    673	  15065	   3ad9	main.elf
  13796	    596	    673	  15065	   3ad9	main.elf
  13810	    596	    673	  15079	   3ae7	main.elf
  13814	    596	    673	  15083	   3aeb	main.elf
  13928	    596	    673	  15197	   3b5d	main.elf
  13928	    596	    673	  15197	   3b5d	main.elf
  13988	    596	    673	  15257	   3b99	main.elf
  13988	    596	    673	  15257	   3b99	main.elf
  13992	    596	    671	  15259	   3b9b	main.elf
  14014	    596	    671	  15281	   3bb1	main.elf
  14024	    596	    671	  15291	   3bbb	main.elf
  14030	    596	    671	  15297	   3bc1	main.elf
  14030	    596	    671	  15297	   3bc1	main.elf
  14030	    596	    671	  15297	   3bc1	main.elf
  14232	    596	    671	  15499	   3c8b	main.elf
  14252	    596	    671	  15519	   3c9f	main.elf
  14252	    596	    671	  15519	   3c9f	main.elf
  14218	    596	    671	  15485	   3c7d	main.elf
  14180	    610	    671	  15461	   3c65	main.elf
  14180	    610	    671	  15461	   3c65	main.elf
  14530	    610	    672	  15812	   3dc4	main.elf
  14530	    610	    672	  15812	   3dc4	main.elf
  14530	    610	    672	  15812	   3dc4	main.elf
  14532	    610	    672	  15814	   3dc6	main.elf
  14532	    610	    672	  15814	   3dc6	main.elf
  14532	    610	    672	  15814	   3dc6	main.elf
  14532	    610	    672	  15814	   3dc6	main.elf
  14540	    610	    672	  15822	   3dce	main.elf
  14572	    610	    672	  15854	   3dee	main.elf
  14572	    610	    672	  15854	   3dee	main.elf
  14572	    610	    672	  15854	   3dee	main.elf
  14600	    610	    672	  15882	   3e0a	main.elf
  14660	    610	    672	  15942	   3e46	main.elf
  14600	    610	    672	  15882	   3e0a	main.elf
  14646	    610	    672	  15928	   3e38	main.elf
  14646	    610	    672	  15928	   3e38	main.elf
  14720	    610	    673	  16003	   3e83	main.elf
  14780	    610	    673	  16063	   3ebf	main.elf
  14780	    610	    673	  16063	   3ebf	main.elf
  14770	    610	    673	  16053	   3eb5	main.elf
  14770	    610	    673	  16053	   3eb5	main.elf
  14778	    610	    673	  16061	   3ebd	main.elf
  14778	    610	    673	  16061	   3ebd	main.elf
  14790	    610	    673	  16073	   3ec9	main.elf
  14836	    626	    673	  16135	   3f07	main.elf
  15120	    626	    673	  16419	   4023	main.elf
  15120	    626	    673	  16419	   4023	main.elf
  15168	    626	    673	  16467	   4053	main.elf
  15168	    626	    673	  16467	   4053	main.elf
  15180	    626	    673	  16479	   405f	main.elf
  15180	    626	    673	  16479	   405f	main.elf
  15148	    618	    674	  16440	   4038	main.elf
  15148	    618	    674	  16440	   4038	main.elf
  15134	    610	    683	  16427	   402b	main.elf
  15134	    610	    683	  16427	   402b	main.elf
  15134	    610	    683	  16427	   402b	main.elf
  15208	    610	    683	  16501	   4075	main.elf
  15208	    610	    683	  16501	   4075	main.elf
  15250	    610	    683	  16543	   409f	main.elf
  15250	    610	    683	  16543	   409f	main.elf
  15258	    610	    683	  16551	   40a7	main.elf
  15270	    610	    683	  16563	   40b3	main.elf
  15286	    618	    683	  16587	   40cb	main.elf
  15286	    618	    683	  16587	   40cb	main.elf
  15286	    618	    683	  16587	   40cb	main.elf
  15376	    626	    683	  16685	   412d	main.elf
  15376	    626	    683	  16685	   412d	main.elf
  15376	    626	    683	  16685	   412d	main.elf
  15376	    626	    683	  16685	   412d	main.elf
  15376	    626	    683	  16685	   412d	main.elf
  15376	    626	    683	  16685	   412d	main.elf
  15376	    626	    683	  16685	   412d	main.elf
  15376	    626	    683	  16685	   412d	main.elf
  15404	    626	    683	  16713	   4149	main.elf
  15406	    626	    683	  16715	   414b	main.elf
  15406	    626	    683	  16715	   414b	main.elf
  15394	    626	    683	  16703	   413f	main.elf
  15390	    626	    683	  16699	   413b	main.elf
  15546	    626	    683	  16855	   41d7	main.elf
  15590	    626	    683	  16899	   4203	main.elf
  15598	    626	    683	  16907	   420b	main.elf
  15598	    626	    683	  16907	   420b	main.elf
  15602	    626	    683	  16911	   420f	main.elf
  15602	    626	    683	  16911	   420f	main.elf
  15602	    626	    683	  16911	   420f	main.elf
  15602	    626	    683	  16911	   420f	main.elf
  15602	    626	    683	  16911	   420f	main.elf
  15602	    626	    683	  16911	   420f	main.elf
  15630	    626	    683	  16939	   422b	main.elf
  15638	    626	    683	  16947	   4233	main.elf
  15800	    626	    683	  17109	   42d5	main.elf
  15800	    626	    683	  17109	   42d5	main.elf
  15852	    626	    683	  17161	   4309	main.elf
  15866	    626	    683	  17175	   4317	main.elf
  15870	    626	    683	  17179	   431b	main.elf
  15848	    626	    683	  17157	   4305	main.elf
  15976	    626	    683	  17285	   4385	main.elf
  16060	    626	    683	  17369	   43d9	main.elf
  16052	    626	    683	  17361	   43d1	main.elf
  16020	    626	    683	  17329	   43b1	main.elf
  16116	    634	    683	  17433	   4419	main.elf
  16116	    634	    683	  17433	   4419	main.elf
  16116	    634	    683	  17433	   4419	main.elf
  16130	    634	    683	  17447	   4427	main.elf
  16130	    634	    683	  17447	   4427	main.elf
  16130	    634	    683	  17447	   4427	main.elf
  16112	    634	    683	  17429	   4415	main.elf
  16130	    634	    683	  17447	   4427	main.elf
  16130	    634	    683	  17447	   4427	main.elf
  16130	    634	    683	  17447	   4427	main.elf
  16130	    634	    683	  17447	   4427	main.elf
  16130	    634	    683	  17447	   4427	main.elf
  16130	    634	    683	  17447	   4427	main.elf
  16244	    642	    683	  17569	   44a1	main.elf
  16244	    642	    683	  17569	   44a1	main.elf
  16244	    642	    683	  17569	   44a1	main.elf
  16364	    642	    683	  17689	   4519	main.elf
  16364	    642	    683	  17689	   4519	main.elf
  16364	    642	    683	  17689	   4519	main.elf
  16364	    642	    683	  17689	   4519	main.elf
  16404	    642	    683	  17729	   4541	main.elf
  16404	    642	    683	  17729	   4541	main.elf
  16320	    642	    683	  17645	   44ed	main.elf
  16320	    642	    683	  17645	   44ed	main.elf
  16322	    642	    683	  17647	   44ef	main.elf
  16324	    642	    683	  17649	   44f1	main.elf
  16324	    642	    683	  17649	   44f1	main.elf
  16438	    642	    684	  17764	   4564	main.elf
  16316	    642	    683	  17641	   44e9	main.elf
  16316	    642	    683	  17641	   44e9	main.elf
  16320	    642	    683	  17645	   44ed	main.elf
  16362	    642	    683	  17687	   4517	main.elf
  16362	    642	    683	  17687	   4517	main.elf
  16360	    642	    683	  17685	   4515	main.elf
  16360	    642	    683	  17685	   4515	main.elf
  16360	    642	    683	  17685	   4515	main.elf
  16360	    642	    683	  17685	   4515	main.elf
  16360	    642	    683	  17685	   4515	main.elf
  16358	    642	    683	  17683	   4513	main.elf
  16358	    642	    683	  17683	   4513	main.elf
  16374	    642	    683	  17699	   4523	main.elf
  16374	    642	    683	  17699	   4523	main.elf
  16374	    642	    683	  17699	   4523	main.elf
  16374	    642	    683	  17699	   4523	main.elf
  16374	    642	    683	  17699	   4523	main.elf
  16374	    642	    683	  17699	   4523	main.elf
  16374	    642	    683	  17699	   4523	main.elf
  16356	    642	    683	  17681	   4511	main.elf
  16390	    616	    683	  17689	   4519	main.elf
  16390	    616	    683	  17689	   4519	main.elf
  16436	    588	    683	  17707	   452b	main.elf
  16428	    588	    683	  17699	   4523	main.elf
  16428	    588	    683	  17699	   4523	main.elf
  16428	    588	    683	  17699	   4523	main.elf
  16428	    588	    683	  17699	   4523	main.elf
  16468	    588	    683	  17739	   454b	main.elf
  16428	    588	    683	  17699	   4523	main.elf
  16428	    588	    683	  17699	   4523	main.elf
  16428	    588	    683	  17699	   4523	main.elf
  16428	    588	    683	  17699	   4523	main.elf
  16428	    588	    683	  17699	   4523	main.elf
  16428	    588	    683	  17699	   4523	main.elf
  16316	    588	    683	  17587	   44b3	main.elf
  16252	    582	    683	  17517	   446d	main.elf
  16252	    582	    683	  17517	   446d	main.elf
  16288	    582	    683	  17553	   4491	main.elf
  16288	    582	    683	  17553	   4491	main.elf
  16512	    592	    683	  17787	   457b	main.elf
  16512	    592	    683	  17787	   457b	main.elf
  16146	    586	    678	  17410	   4402	main.elf
  16146	    586	    678	  17410	   4402	main.elf
  16050	    586	    678	  17314	   43a2	main.elf
  16050	    586	    678	  17314	   43a2	main.elf
  16050	    586	    678	  17314	   43a2	main.elf
  16266	    594	    678	  17538	   4482	main.elf
  16262	    594	    678	  17534	   447e	main.elf
  16404	    594	    678	  17676	   450c	main.elf
  16404	    594	    678	  17676	   450c	main.elf
  16404	    594	    678	  17676	   450c	main.elf
  16256	    594	    678	  17528	   4478	main.elf
  16256	    594	    678	  17528	   4478	main.elf
  16256	    594	    678	  17528	   4478	main.elf
  16386	    594	    678	  17658	   44fa	main.elf
  16404	    594	    678	  17676	   450c	main.elf
  16630	    594	    678	  17902	   45ee	main.elf
  16630	    594	    678	  17902	   45ee	main.elf
  16630	    594	    678	  17902	   45ee	main.elf
  16632	    594	    678	  17904	   45f0	main.elf
  16586	    594	    678	  17858	   45c2	main.elf
  16588	    594	    678	  17860	   45c4	main.elf
  16584	    594	    678	  17856	   45c0	main.elf
  16584	    594	    678	  17856	   45c0	main.elf
  16584	    594	    678	  17856	   45c0	main.elf
  16586	    594	    678	  17858	   45c2	main.elf
  16588	    594	    678	  17860	   45c4	main.elf
  16584	    594	    678	  17856	   45c0	main.elf
  16584	    594	    678	  17856	   45c0	main.elf
  16588	    594	    678	  17860	   45c4	main.elf
  16634	    594	    678	  17906	   45f2	main.elf
  16632	    594	    678	  17904	   45f0	main.elf
  16632	    594	    678	  17904	   45f0	main.elf
  16632	    594	    678	  17904	   45f0	main.elf
  16632	    594	    678	  17904	   45f0	main.elf
  16632	    594	    678	  17904	   45f0	main.elf
  16526	    594	    677	  17797	   4585	main.elf
  16632	    594	    678	  17904	   45f0	main.elf
  16632	    594	    678	  17904	   45f0	main.elf
  16632	    594	    678	  17904	   45f0	main.elf
  16624	    594	    678	  17896	   45e8	main.elf
  16632	    594	    678	  17904	   45f0	main.elf
  16624	    594	    678	  17896	   45e8	main.elf
  16632	    594	    678	  17904	   45f0	main.elf
  16626	    594	    678	  17898	   45ea	main.elf
  16632	    594	    678	  17904	   45f0	main.elf
  16566	    594	    678	  17838	   45ae	main.elf
  16616	    594	    678	  17888	   45e0	main.elf
  16616	    594	    678	  17888	   45e0	main.elf
  16616	    594	    678	  17888	   45e0	main.elf
  16612	    594	    678	  17884	   45dc	main.elf
  16618	    594	    678	  17890	   45e2	main.elf
  16622	    594	    678	  17894	   45e6	main.elf
  16618	    594	    678	  17890	   45e2	main.elf
  16646	    594	    679	  17919	   45ff	main.elf
  16648	    594	    679	  17921	   4601	main.elf
  16652	    594	    679	  17925	   4605	main.elf
  16652	    594	    679	  17925	   4605	main.elf
  16672	    594	    679	  17945	   4619	main.elf
  16702	    594	    679	  17975	   4637	main.elf
  16702	    594	    679	  17975	   4637	main.elf
  16702	    594	    679	  17975	   4637	main.elf
  16700	    594	    679	  17973	   4635	main.elf
  16700	    594	    679	  17973	   4635	main.elf
  16700	    594	    679	  17973	   4635	main.elf
  16700	    594	    679	  17973	   4635	main.elf
  16700	    594	    679	  17973	   4635	main.elf
  16702	    594	    679	  17975	   4637	main.elf
  16702	    594	    679	  17975	   4637	main.elf
  16702	    594	    679	  17975	   4637	main.elf
  16702	    594	    679	  17975	   4637	main.elf
  16702	    594	    679	  17975	   4637	main.elf
  16702	    594	    679	  17975	   4637	main.elf
  16702	    594	    679	  17975	   4637	main.elf
  16700	    594	    679	  17973	   4635	main.elf
  16700	    594	    679	  17973	   4635	main.elf
  16700	    594	    679	  17973	   4635	main.elf
  16670	    594	    678	  17942	   4616	main.elf
  16670	    594	    678	  17942	   4616	main.elf
  16670	    594	    678	  17942	   4616	main.elf
  16670	    594	    678	  17942	   4616	main.elf
  16672	    594	    678	  17944	   4618	main.elf
  16626	    594	    678	  17898	   45ea	main.elf
  16606	    594	    678	  17878	   45d6	main.elf
  16652	    594	    678	  17924	   4604	main.elf
  16652	    594	    678	  17924	   4604	main.elf
  16656	    594	    678	  17928	   4608	main.elf
  16656	    594	    678	  17928	   4608	main.elf
  16656	    594	    678	  17928	   4608	main.elf
  16686	    594	    678	  17958	   4626	main.elf
  16786	    594	    678	  18058	   468a	main.elf
  16786	    594	    678	  18058	   468a	main.elf
  16832	    594	    678	  18104	   46b8	main.elf
  16810	    594	    678	  18082	   46a2	main.elf
  16836	    594	    678	  18108	   46bc	main.elf
  16836	    594	    678	  18108	   46bc	main.elf
  16846	    594	    678	  18118	   46c6	main.elf
  16848	    594	    678	  18120	   46c8	main.elf
  16806	    594	    678	  18078	   469e	main.elf
  16806	    594	    678	  18078	   469e	main.elf
  16806	    594	    678	  18078	   469e	main.elf
  16806	    594	    678	  18078	   469e	main.elf
  16906	    594	    673	  18173	   46fd	main.elf
  16906	    594	    673	  18173	   46fd	main.elf
  16906	    594	    673	  18173	   46fd	main.elf
  16906	    594	    673	  18173	   46fd	main.elf
  16906	    594	    673	  18173	   46fd	main.elf
  16948	    594	    673	  18215	   4727	main.elf
  16948	    594	    673	  18215	   4727	main.elf
  16948	    594	    673	  18215	   4727	main.elf
  16948	    594	    673	  18215	   4727	main.elf
  16948	    594	    673	  18215	   4727	main.elf
  16948	    594	    673	  18215	   4727	main.elf
  16948	    594	    673	  18215	   4727	main.elf
  16948	    594	    673	  18215	   4727	main.elf
  16948	    594	    673	  18215	   4727	main.elf
  16948	    594	    673	  18215	   4727	main.elf
  16948	    594	    673	  18215	   4727	main.elf
  16948	    594	    673	  18215	   4727	main.elf
  16948	    594	    673	  18215	   4727	main.elf
  16948	    594	    673	  18215	   4727	main.elf
  16948	    594	    673	  18215	   4727	main.elf
  16948	    594	    673	  18215	   4727	main.elf
  16948	    594	    673	  18215	   4727	main.elf
  16948	    594	    673	  18215	   4727	main.elf
  16948	    594	    673	  18215	   4727	main.elf
  16820	    594	    673	  18087	   46a7	main.elf
  16820	    594	    673	  18087	   46a7	main.elf
  16820	    594	    673	  18087	   46a7	main.elf
  16820	    594	    673	  18087	   46a7	main.elf
  16820	    594	    673	  18087	   46a7	main.elf
  16820	    594	    673	  18087	   46a7	main.elf
  16820	    594	    673	  18087	   46a7	main.elf
  16820	    594	    673	  18087	   46a7	main.elf
  16820	    594	    673	  18087	   46a7	main.elf
  16820	    594	    673	  18087	   46a7	main.elf
  16820	    594	    673	  18087	   46a7	main.elf
  16790	    594	    673	  18057	   4689	main.elf
  16744	    594	    673	  18011	   465b	main.elf
  16744	    594	    673	  18011	   465b	main.elf
  16744	    594	    673	  18011	   465b	main.elf
  16744	    594	    673	  18011	   465b	main.elf
  16742	    594	    673	  18009	   4659	main.elf
  16762	    594	    673	  18029	   466d	main.elf
  16808	    594	    673	  18075	   469b	main.elf
  16782	    594	    673	  18049	   4681	main.elf
  16768	    594	    673	  18035	   4673	main.elf
  16760	    594	    673	  18027	   466b	main.elf
  16782	    594	    673	  18049	   4681	main.elf
  16770	    594	    673	  18037	   4675	main.elf
  16782	    594	    673	  18049	   4681	main.elf
  16700	    594	    673	  17967	   462f	main.elf
  16708	    594	    673	  17975	   4637	main.elf
  16782	    594	    673	  18049	   4681	main.elf
  16782	    594	    673	  18049	   4681	main.elf
  16782	    594	    673	  18049	   4681	main.elf
  16782	    594	    673	  18049	   4681	main.elf
  16770	    594	    673	  18037	   4675	main.elf
  16770	    594	    673	  18037	   4675	main.elf
  16768	    594	    673	  18035	   4673	main.elf
  16768	    594	    673	  18035	   4673	main.elf
  16768	    594	    673	  18035	   4673	main.elf
  16782	    594	    673	  18049	   4681	main.elf
  16686	    594	    673	  17953	   4621	main.elf
  16686	    594	    673	  17953	   4621	main.elf
  16688	    594	    673	  17955	   4623	main.elf
  17626	    594	    673	  18893	   49cd	main.elf
  16688	    594	    673	  17955	   4623	main.elf
  17626	    594	    673	  18893	   49cd	main.elf
  16694	    594	    673	  17961	   4629	main.elf
  16694	    594	    673	  17961	   4629	main.elf
  16704	    594	    673	  17971	   4633	main.elf
  16704	    594	    673	  17971	   4633	main.elf
  16706	    594	    673	  17973	   4635	main.elf
  16706	    594	    673	  17973	   4635	main.elf
  16706	    594	    673	  17973	   4635	main.elf
  16706	    594	    673	  17973	   4635	main.elf
  16706	    594	    673	  17973	   4635	main.elf
  16736	    594	    673	  18003	   4653	main.elf
  16706	    594	    673	  17973	   4635	main.elf
  16618	    594	    673	  17885	   45dd	main.elf
  16618	    594	    673	  17885	   45dd	main.elf
  16618	    594	    673	  17885	   45dd	main.elf
  16618	    594	    673	  17885	   45dd	main.elf
  16618	    594	    673	  17885	   45dd	main.elf
